{"/Users/darius/Code/cryptbin/frontend/src/crypto/encoder.js": {"path":"/Users/darius/Code/cryptbin/frontend/src/crypto/encoder.js","statementMap":{"0":{"start":{"line":3,"column":8},"end":{"line":3,"column":39}},"1":{"start":{"line":7,"column":8},"end":{"line":7,"column":83}},"2":{"start":{"line":11,"column":8},"end":{"line":11,"column":69}}},"fnMap":{"0":{"name":"(anonymous_0)","decl":{"start":{"line":2,"column":4},"end":{"line":2,"column":5}},"loc":{"start":{"line":2,"column":29},"end":{"line":4,"column":5}},"line":2},"1":{"name":"(anonymous_1)","decl":{"start":{"line":6,"column":4},"end":{"line":6,"column":5}},"loc":{"start":{"line":6,"column":18},"end":{"line":8,"column":5}},"line":6},"2":{"name":"(anonymous_2)","decl":{"start":{"line":10,"column":4},"end":{"line":10,"column":5}},"loc":{"start":{"line":10,"column":28},"end":{"line":12,"column":5}},"line":10}},"branchMap":{},"s":{"0":1,"1":0,"2":1},"f":{"0":1,"1":0,"2":1},"b":{},"_coverageSchema":"1a1c01bbd47fc00a2c39e90264f33305004495a9","hash":"db20b5c92f250a260cddbe119f3096e89ad0abfa"}
}
